10/06/2016 03:25:07 PM Writing to log file : /home/rebaca/charms/trusty/cplane-controller/hooks/cp-package-manager.log
10/06/2016 03:25:08 PM Writing to log file : /home/rebaca/charms/trusty/cplane-controller/hooks/cp-package-manager.log
10/06/2016 03:25:08 PM Writing to log file : /home/rebaca/charms/trusty/cplane-controller/hooks/cp-package-manager.log
10/06/2016 03:25:08 PM Writing to log file : /home/rebaca/charms/trusty/cplane-controller/hooks/cp-package-manager.log
10/06/2016 03:28:42 PM Writing to log file : /home/rebaca/charms/trusty/cplane-controller/hooks/cp-package-manager.log
10/06/2016 03:28:43 PM Writing to log file : /home/rebaca/charms/trusty/cplane-controller/hooks/cp-package-manager.log
10/06/2016 03:28:43 PM Writing to log file : /home/rebaca/charms/trusty/cplane-controller/hooks/cp-package-manager.log
10/06/2016 03:28:43 PM Writing to log file : /home/rebaca/charms/trusty/cplane-controller/hooks/cp-package-manager.log
10/06/2016 03:38:03 PM Writing to log file : /home/rebaca/charms/trusty/cplane-controller/hooks/cp-package-manager.log
10/06/2016 03:38:04 PM Writing to log file : /home/rebaca/charms/trusty/cplane-controller/hooks/cp-package-manager.log
10/06/2016 03:38:04 PM Writing to log file : /home/rebaca/charms/trusty/cplane-controller/hooks/cp-package-manager.log
10/06/2016 03:38:04 PM Writing to log file : /home/rebaca/charms/trusty/cplane-controller/hooks/cp-package-manager.log
10/06/2016 03:43:07 PM Writing to log file : /home/rebaca/charms/trusty/cplane-controller/hooks/cp-package-manager.log
10/06/2016 03:43:08 PM Writing to log file : /home/rebaca/charms/trusty/cplane-controller/hooks/cp-package-manager.log
10/06/2016 03:43:08 PM Writing to log file : /home/rebaca/charms/trusty/cplane-controller/hooks/cp-package-manager.log
10/06/2016 03:43:08 PM Writing to log file : /home/rebaca/charms/trusty/cplane-controller/hooks/cp-package-manager.log
10/06/2016 03:44:29 PM Writing to log file : /home/rebaca/charms/trusty/cplane-controller/hooks/cp-package-manager.log
10/06/2016 03:44:30 PM Writing to log file : /home/rebaca/charms/trusty/cplane-controller/hooks/cp-package-manager.log
10/06/2016 03:44:30 PM Writing to log file : /home/rebaca/charms/trusty/cplane-controller/hooks/cp-package-manager.log
10/06/2016 03:44:30 PM Writing to log file : /home/rebaca/charms/trusty/cplane-controller/hooks/cp-package-manager.log
10/06/2016 03:45:43 PM Writing to log file : /home/rebaca/charms/trusty/cplane-controller/hooks/cp-package-manager.log
10/06/2016 03:45:44 PM Writing to log file : /home/rebaca/charms/trusty/cplane-controller/hooks/cp-package-manager.log
10/06/2016 03:45:44 PM Writing to log file : /home/rebaca/charms/trusty/cplane-controller/hooks/cp-package-manager.log
10/06/2016 03:45:44 PM Writing to log file : /home/rebaca/charms/trusty/cplane-controller/hooks/cp-package-manager.log
10/06/2016 06:02:14 PM Writing to log file : /home/rebaca/charms/trusty/cplane-controller/hooks/cp-package-manager.log
10/06/2016 06:02:14 PM Package url:http://192.168.7.103/cplane_metadata.json?dl=1
10/06/2016 06:02:15 PM Writing to log file : /home/rebaca/charms/trusty/cplane-controller/hooks/cp-package-manager.log
10/06/2016 06:02:15 PM Package url:http://192.168.7.103/cplane_metadata.json?dl=1
10/06/2016 06:02:15 PM Writing to log file : /home/rebaca/charms/trusty/cplane-controller/hooks/cp-package-manager.log
10/06/2016 06:02:15 PM Package url:http://192.168.7.103/cplane_metadata.json?dl=1
10/06/2016 06:07:40 PM Writing to log file : /home/rebaca/charms/trusty/cplane-controller/hooks/cp-package-manager.log
10/06/2016 06:07:40 PM Package url:http://192.168.7.103/cplane_metadata.json?dl=1
10/06/2016 06:08:47 PM Writing to log file : /home/rebaca/charms/trusty/cplane-controller/hooks/cp-package-manager.log
10/06/2016 06:08:47 PM Package url:http://192.168.7.103/cplane_metadata.json?dl=1
10/06/2016 06:08:47 PM Writing to log file : /home/rebaca/charms/trusty/cplane-controller/hooks/cp-package-manager.log
10/06/2016 06:08:47 PM Package url:http://192.168.7.103/cplane_metadata.json?dl=1
10/06/2016 06:08:47 PM Writing to log file : /home/rebaca/charms/trusty/cplane-controller/hooks/cp-package-manager.log
10/06/2016 06:08:47 PM Package url:http://192.168.7.103/cplane_metadata.json?dl=1
10/06/2016 06:09:27 PM Writing to log file : /home/rebaca/charms/trusty/cplane-controller/hooks/cp-package-manager.log
10/06/2016 06:09:27 PM Package url:http://192.168.7.103/cplane_metadata.json?dl=1
10/06/2016 06:09:27 PM Writing to log file : /home/rebaca/charms/trusty/cplane-controller/hooks/cp-package-manager.log
10/06/2016 06:09:27 PM Writing to log file : /home/rebaca/charms/trusty/cplane-controller/hooks/cp-package-manager.log
10/06/2016 06:09:27 PM Package url:http://192.168.7.103/cplane_metadata.json?dl=1
10/06/2016 06:09:27 PM Package url:http://192.168.7.103/cplane_metadata.json?dl=1
10/06/2016 06:12:37 PM Writing to log file : /home/rebaca/charms/trusty/cplane-controller/hooks/cp-package-manager.log
10/06/2016 06:12:38 PM Writing to log file : /home/rebaca/charms/trusty/cplane-controller/hooks/cp-package-manager.log
10/06/2016 06:12:38 PM Writing to log file : /home/rebaca/charms/trusty/cplane-controller/hooks/cp-package-manager.log
10/06/2016 06:12:38 PM Writing to log file : /home/rebaca/charms/trusty/cplane-controller/hooks/cp-package-manager.log
10/06/2016 06:13:26 PM Writing to log file : /home/rebaca/charms/trusty/cplane-controller/hooks/cp-package-manager.log
10/06/2016 06:13:26 PM Package url:http://192.168.7.103/cplane_metadata.json?dl=1
10/06/2016 06:13:26 PM Writing to log file : /home/rebaca/charms/trusty/cplane-controller/hooks/cp-package-manager.log
10/06/2016 06:13:27 PM Writing to log file : /home/rebaca/charms/trusty/cplane-controller/hooks/cp-package-manager.log
10/06/2016 06:13:27 PM Package url:http://192.168.7.103/cplane_metadata.json?dl=1
10/06/2016 06:13:27 PM Writing to log file : /home/rebaca/charms/trusty/cplane-controller/hooks/cp-package-manager.log
10/06/2016 06:13:27 PM Package url:http://192.168.7.103/cplane_metadata.json?dl=1
10/06/2016 06:13:27 PM Writing to log file : /home/rebaca/charms/trusty/cplane-controller/hooks/cp-package-manager.log
10/06/2016 06:13:27 PM Writing to log file : /home/rebaca/charms/trusty/cplane-controller/hooks/cp-package-manager.log
10/06/2016 06:13:27 PM Writing to log file : /home/rebaca/charms/trusty/cplane-controller/hooks/cp-package-manager.log
10/06/2016 06:13:45 PM Writing to log file : /home/rebaca/charms/trusty/cplane-controller/hooks/cp-package-manager.log
10/06/2016 06:13:45 PM Package url:http://192.168.7.103/cplane_metadata.json?dl=1
10/06/2016 06:13:45 PM Writing to log file : /home/rebaca/charms/trusty/cplane-controller/hooks/cp-package-manager.log
10/06/2016 06:13:45 PM Writing to log file : /home/rebaca/charms/trusty/cplane-controller/hooks/cp-package-manager.log
10/06/2016 06:13:45 PM Package url:http://192.168.7.103/cplane_metadata.json?dl=1
10/06/2016 06:13:45 PM Writing to log file : /home/rebaca/charms/trusty/cplane-controller/hooks/cp-package-manager.log
10/06/2016 06:13:45 PM Package url:http://192.168.7.103/cplane_metadata.json?dl=1
10/06/2016 06:13:45 PM Writing to log file : /home/rebaca/charms/trusty/cplane-controller/hooks/cp-package-manager.log
10/06/2016 06:13:45 PM Writing to log file : /home/rebaca/charms/trusty/cplane-controller/hooks/cp-package-manager.log
10/06/2016 06:13:45 PM Writing to log file : /home/rebaca/charms/trusty/cplane-controller/hooks/cp-package-manager.log
10/06/2016 06:19:31 PM Writing to log file : /home/rebaca/charms/trusty/cplane-controller/hooks/cp-package-manager.log
10/06/2016 06:19:32 PM Writing to log file : /home/rebaca/charms/trusty/cplane-controller/hooks/cp-package-manager.log
10/06/2016 06:19:32 PM Writing to log file : /home/rebaca/charms/trusty/cplane-controller/hooks/cp-package-manager.log
10/06/2016 06:19:32 PM Writing to log file : /home/rebaca/charms/trusty/cplane-controller/hooks/cp-package-manager.log
10/06/2016 06:21:22 PM Writing to log file : /home/rebaca/charms/trusty/cplane-controller/hooks/cp-package-manager.log
10/06/2016 06:21:22 PM Package url:http://192.168.7.103/cplane_metadata.json?dl=1
10/06/2016 06:21:23 PM Writing to log file : /home/rebaca/charms/trusty/cplane-controller/hooks/cp-package-manager.log
10/06/2016 06:21:23 PM Writing to log file : /home/rebaca/charms/trusty/cplane-controller/hooks/cp-package-manager.log
10/06/2016 06:21:23 PM Package url:http://192.168.7.103/cplane_metadata.json?dl=1
10/06/2016 06:21:23 PM Package url:http://192.168.7.103/cplane_metadata.json?dl=1
10/06/2016 06:21:23 PM Writing to log file : /home/rebaca/charms/trusty/cplane-controller/hooks/cp-package-manager.log
10/06/2016 06:21:23 PM Package url:http://192.168.7.103/cplane_metadata.json?dl=1
10/06/2016 06:23:00 PM Writing to log file : /home/rebaca/charms/trusty/cplane-controller/hooks/cp-package-manager.log
10/06/2016 06:23:00 PM Package url:http://192.168.7.103/cplane_metadata.json?dl=1
10/06/2016 06:23:01 PM Writing to log file : /home/rebaca/charms/trusty/cplane-controller/hooks/cp-package-manager.log
10/06/2016 06:23:01 PM Package url:http://192.168.7.103/cplane_metadata.json?dl=1
10/06/2016 06:23:01 PM Writing to log file : /home/rebaca/charms/trusty/cplane-controller/hooks/cp-package-manager.log
10/06/2016 06:23:01 PM Package url:http://192.168.7.103/cplane_metadata.json?dl=1
10/06/2016 06:23:01 PM Writing to log file : /home/rebaca/charms/trusty/cplane-controller/hooks/cp-package-manager.log
10/06/2016 06:23:01 PM Package url:http://192.168.7.103/cplane_metadata.json?dl=1
10/06/2016 06:24:41 PM Writing to log file : /home/rebaca/charms/trusty/cplane-controller/hooks/cp-package-manager.log
10/06/2016 06:24:41 PM Package url:http://192.168.7.103/cplane_metadata.json?dl=1
10/06/2016 06:24:41 PM Writing to log file : /home/rebaca/charms/trusty/cplane-controller/hooks/cp-package-manager.log
10/06/2016 06:24:41 PM Package url:http://192.168.7.103/cplane_metadata.json?dl=1
10/06/2016 06:24:41 PM Writing to log file : /home/rebaca/charms/trusty/cplane-controller/hooks/cp-package-manager.log
10/06/2016 06:24:41 PM Package url:http://192.168.7.103/cplane_metadata.json?dl=1
10/06/2016 06:24:41 PM Writing to log file : /home/rebaca/charms/trusty/cplane-controller/hooks/cp-package-manager.log
10/06/2016 06:24:41 PM Package url:http://192.168.7.103/cplane_metadata.json?dl=1
10/06/2016 06:26:28 PM Writing to log file : /home/rebaca/charms/trusty/cplane-controller/hooks/cp-package-manager.log
10/06/2016 06:26:28 PM Package url:http://192.168.7.103/cplane_metadata.json?dl=1
10/06/2016 06:26:28 PM Writing to log file : /home/rebaca/charms/trusty/cplane-controller/hooks/cp-package-manager.log
10/06/2016 06:26:28 PM Package url:http://192.168.7.103/cplane_metadata.json?dl=1
10/06/2016 06:26:28 PM Writing to log file : /home/rebaca/charms/trusty/cplane-controller/hooks/cp-package-manager.log
10/06/2016 06:26:28 PM Package url:http://192.168.7.103/cplane_metadata.json?dl=1
10/06/2016 06:26:28 PM Writing to log file : /home/rebaca/charms/trusty/cplane-controller/hooks/cp-package-manager.log
10/06/2016 06:26:28 PM Package url:http://192.168.7.103/cplane_metadata.json?dl=1
10/06/2016 06:26:55 PM Writing to log file : /home/rebaca/charms/trusty/cplane-controller/hooks/cp-package-manager.log
10/06/2016 06:26:55 PM Package url:http://192.168.7.103/cplane_metadata.json?dl=1
10/06/2016 06:26:55 PM Writing to log file : /home/rebaca/charms/trusty/cplane-controller/hooks/cp-package-manager.log
10/06/2016 06:26:55 PM Package url:http://192.168.7.103/cplane_metadata.json?dl=1
10/06/2016 06:26:55 PM Writing to log file : /home/rebaca/charms/trusty/cplane-controller/hooks/cp-package-manager.log
10/06/2016 06:26:55 PM Package url:http://192.168.7.103/cplane_metadata.json?dl=1
10/06/2016 06:26:55 PM Writing to log file : /home/rebaca/charms/trusty/cplane-controller/hooks/cp-package-manager.log
10/06/2016 06:26:55 PM Package url:http://192.168.7.103/cplane_metadata.json?dl=1
10/06/2016 06:28:51 PM Writing to log file : /home/rebaca/charms/trusty/cplane-controller/hooks/cp-package-manager.log
10/06/2016 06:28:51 PM Package url:http://192.168.7.103/cplane_metadata.json?dl=1
10/06/2016 06:28:51 PM Writing to log file : /home/rebaca/charms/trusty/cplane-controller/hooks/cp-package-manager.log
10/06/2016 06:28:51 PM Package url:http://192.168.7.103/cplane_metadata.json?dl=1
10/06/2016 06:28:51 PM Writing to log file : /home/rebaca/charms/trusty/cplane-controller/hooks/cp-package-manager.log
10/06/2016 06:28:51 PM Package url:http://192.168.7.103/cplane_metadata.json?dl=1
10/06/2016 06:28:51 PM Writing to log file : /home/rebaca/charms/trusty/cplane-controller/hooks/cp-package-manager.log
10/06/2016 06:28:51 PM Package url:http://192.168.7.103/cplane_metadata.json?dl=1
10/06/2016 06:29:43 PM Writing to log file : /home/rebaca/charms/trusty/cplane-controller/hooks/cp-package-manager.log
10/06/2016 06:29:43 PM Package url:http://192.168.7.103/cplane_metadata.json?dl=1
10/06/2016 06:29:44 PM Writing to log file : /home/rebaca/charms/trusty/cplane-controller/hooks/cp-package-manager.log
10/06/2016 06:29:44 PM Package url:http://192.168.7.103/cplane_metadata.json?dl=1
10/06/2016 06:29:44 PM Writing to log file : /home/rebaca/charms/trusty/cplane-controller/hooks/cp-package-manager.log
10/06/2016 06:29:44 PM Package url:http://192.168.7.103/cplane_metadata.json?dl=1
10/06/2016 06:29:44 PM Writing to log file : /home/rebaca/charms/trusty/cplane-controller/hooks/cp-package-manager.log
10/06/2016 06:29:44 PM Package url:http://192.168.7.103/cplane_metadata.json?dl=1
10/06/2016 06:31:42 PM Writing to log file : /home/rebaca/charms/trusty/cplane-controller/hooks/cp-package-manager.log
10/06/2016 06:31:42 PM Package url:http://192.168.7.103/cplane_metadata.json?dl=1
10/06/2016 06:31:42 PM Writing to log file : /home/rebaca/charms/trusty/cplane-controller/hooks/cp-package-manager.log
10/06/2016 06:31:42 PM Package url:http://192.168.7.103/cplane_metadata.json?dl=1
10/06/2016 06:31:42 PM Writing to log file : /home/rebaca/charms/trusty/cplane-controller/hooks/cp-package-manager.log
10/06/2016 06:31:43 PM Package url:http://192.168.7.103/cplane_metadata.json?dl=1
10/06/2016 06:31:43 PM Writing to log file : /home/rebaca/charms/trusty/cplane-controller/hooks/cp-package-manager.log
10/06/2016 06:31:43 PM Package url:http://192.168.7.103/cplane_metadata.json?dl=1
10/06/2016 06:32:56 PM Writing to log file : /home/rebaca/charms/trusty/cplane-controller/hooks/cp-package-manager.log
10/06/2016 06:32:56 PM Package url:http://192.168.7.103/cplane_metadata.json?dl=1
10/06/2016 06:32:57 PM Writing to log file : /home/rebaca/charms/trusty/cplane-controller/hooks/cp-package-manager.log
10/06/2016 06:32:57 PM Package url:http://192.168.7.103/cplane_metadata.json?dl=1
10/06/2016 06:32:57 PM Writing to log file : /home/rebaca/charms/trusty/cplane-controller/hooks/cp-package-manager.log
10/06/2016 06:32:57 PM Package url:http://192.168.7.103/cplane_metadata.json?dl=1
10/06/2016 06:32:57 PM Writing to log file : /home/rebaca/charms/trusty/cplane-controller/hooks/cp-package-manager.log
10/06/2016 06:32:57 PM Package url:http://192.168.7.103/cplane_metadata.json?dl=1
10/06/2016 06:34:20 PM Writing to log file : /home/rebaca/charms/trusty/cplane-controller/hooks/cp-package-manager.log
10/06/2016 06:34:20 PM Package url:http://192.168.7.103/cplane_metadata.json?dl=1
10/06/2016 06:34:20 PM Writing to log file : /home/rebaca/charms/trusty/cplane-controller/hooks/cp-package-manager.log
10/06/2016 06:34:20 PM Package url:http://192.168.7.103/cplane_metadata.json?dl=1
10/06/2016 06:34:20 PM Writing to log file : /home/rebaca/charms/trusty/cplane-controller/hooks/cp-package-manager.log
10/06/2016 06:34:20 PM Package url:http://192.168.7.103/cplane_metadata.json?dl=1
10/06/2016 06:34:20 PM Writing to log file : /home/rebaca/charms/trusty/cplane-controller/hooks/cp-package-manager.log
10/06/2016 06:34:20 PM Package url:http://192.168.7.103/cplane_metadata.json?dl=1
10/06/2016 06:34:32 PM Writing to log file : /home/rebaca/charms/trusty/cplane-controller/hooks/cp-package-manager.log
10/06/2016 06:34:32 PM Writing to log file : /home/rebaca/charms/trusty/cplane-controller/hooks/cp-package-manager.log
10/06/2016 06:34:32 PM Writing to log file : /home/rebaca/charms/trusty/cplane-controller/hooks/cp-package-manager.log
10/06/2016 06:34:32 PM Writing to log file : /home/rebaca/charms/trusty/cplane-controller/hooks/cp-package-manager.log
10/06/2016 06:35:05 PM Writing to log file : /home/rebaca/charms/trusty/cplane-controller/hooks/cp-package-manager.log
10/06/2016 06:35:08 PM Package url:http://test.com
10/06/2016 06:35:09 PM Writing to log file : /home/rebaca/charms/trusty/cplane-controller/hooks/cp-package-manager.log
10/06/2016 06:35:09 PM Writing to log file : /home/rebaca/charms/trusty/cplane-controller/hooks/cp-package-manager.log
10/06/2016 06:35:11 PM Package url:http://test.com
10/06/2016 06:35:11 PM Package url:http://test.com
10/06/2016 06:35:11 PM Writing to log file : /home/rebaca/charms/trusty/cplane-controller/hooks/cp-package-manager.log
10/06/2016 06:35:13 PM Package url:http://test.com
10/07/2016 11:05:55 AM Writing to log file : /home/rebaca/charms/trusty/cplane-controller/hooks/cp-package-manager.log
10/07/2016 11:06:00 AM Package url:https://www.dropbox.com/s/h2edle1o0jj1btt/cplane_metadata.json?dl=1
10/07/2016 11:06:01 AM Writing to log file : /home/rebaca/charms/trusty/cplane-controller/hooks/cp-package-manager.log
10/07/2016 11:06:01 AM Writing to log file : /home/rebaca/charms/trusty/cplane-controller/hooks/cp-package-manager.log
10/07/2016 11:06:04 AM Package url:https://www.dropbox.com/s/h2edle1o0jj1btt/cplane_metadata.json?dl=1
10/07/2016 11:06:05 AM Package url:https://www.dropbox.com/s/h2edle1o0jj1btt/cplane_metadata.json?dl=1
10/07/2016 11:06:05 AM Writing to log file : /home/rebaca/charms/trusty/cplane-controller/hooks/cp-package-manager.log
10/07/2016 11:06:08 AM Package url:https://www.dropbox.com/s/h2edle1o0jj1btt/cplane_metadata.json?dl=1
10/07/2016 11:07:01 AM Writing to log file : /home/rebaca/charms/trusty/cplane-controller/hooks/cp-package-manager.log
10/07/2016 11:07:05 AM Package url:https://www.dropbox.com/s/h2edle1o0jj1btt/cplane_metadata.json?dl=1
10/07/2016 11:07:05 AM Writing to log file : /home/rebaca/charms/trusty/cplane-controller/hooks/cp-package-manager.log
10/07/2016 11:07:07 AM Package url:https://www.dropbox.com/s/h2edle1o0jj1btt/cplane_metadata.json?dl=1
10/07/2016 11:07:08 AM Writing to log file : /home/rebaca/charms/trusty/cplane-controller/hooks/cp-package-manager.log
10/07/2016 11:07:08 AM Writing to log file : /home/rebaca/charms/trusty/cplane-controller/hooks/cp-package-manager.log
10/07/2016 11:07:11 AM Package url:https://www.dropbox.com/s/h2edle1o0jj1btt/cplane_metadata.json?dl=1
10/07/2016 11:07:11 AM Writing to log file : /home/rebaca/charms/trusty/cplane-controller/hooks/cp-package-manager.log
10/07/2016 11:07:11 AM Package url:https://www.dropbox.com/s/h2edle1o0jj1btt/cplane_metadata.json?dl=1
10/07/2016 11:07:11 AM Writing to log file : /home/rebaca/charms/trusty/cplane-controller/hooks/cp-package-manager.log
10/07/2016 11:07:14 AM Package url:https://www.dropbox.com/s/h2edle1o0jj1btt/cplane_metadata.json?dl=1
10/07/2016 11:07:14 AM Writing to log file : /home/rebaca/charms/trusty/cplane-controller/hooks/cp-package-manager.log
10/07/2016 11:07:14 AM Package url:https://www.dropbox.com/s/h2edle1o0jj1btt/cplane_metadata.json?dl=1
10/07/2016 11:07:14 AM Writing to log file : /home/rebaca/charms/trusty/cplane-controller/hooks/cp-package-manager.log
10/07/2016 11:07:16 AM Package url:https://www.dropbox.com/s/h2edle1o0jj1btt/cplane_metadata.json?dl=1
10/07/2016 11:07:17 AM Package url:https://www.dropbox.com/s/h2edle1o0jj1btt/cplane_metadata.json?dl=1
10/07/2016 11:09:13 AM Writing to log file : /home/rebaca/charms/trusty/cplane-controller/hooks/cp-package-manager.log
10/07/2016 11:09:18 AM Package url:https://www.dropbox.com/s/h2edle1o0jj1btt/cplane_metadata.json?dl=1
10/07/2016 11:09:18 AM Writing to log file : /home/rebaca/charms/trusty/cplane-controller/hooks/cp-package-manager.log
10/07/2016 11:09:20 AM Package url:https://www.dropbox.com/s/h2edle1o0jj1btt/cplane_metadata.json?dl=1
10/07/2016 11:09:21 AM Writing to log file : /home/rebaca/charms/trusty/cplane-controller/hooks/cp-package-manager.log
10/07/2016 11:09:21 AM Writing to log file : /home/rebaca/charms/trusty/cplane-controller/hooks/cp-package-manager.log
10/07/2016 11:09:24 AM Package url:https://www.dropbox.com/s/h2edle1o0jj1btt/cplane_metadata.json?dl=1
10/07/2016 11:09:24 AM Writing to log file : /home/rebaca/charms/trusty/cplane-controller/hooks/cp-package-manager.log
10/07/2016 11:09:24 AM Package url:https://www.dropbox.com/s/h2edle1o0jj1btt/cplane_metadata.json?dl=1
10/07/2016 11:09:24 AM Writing to log file : /home/rebaca/charms/trusty/cplane-controller/hooks/cp-package-manager.log
10/07/2016 11:09:27 AM Package url:https://www.dropbox.com/s/h2edle1o0jj1btt/cplane_metadata.json?dl=1
10/07/2016 11:09:27 AM Package url:https://www.dropbox.com/s/h2edle1o0jj1btt/cplane_metadata.json?dl=1
10/07/2016 11:09:27 AM Writing to log file : /home/rebaca/charms/trusty/cplane-controller/hooks/cp-package-manager.log
10/07/2016 11:09:27 AM Writing to log file : /home/rebaca/charms/trusty/cplane-controller/hooks/cp-package-manager.log
10/07/2016 11:09:29 AM Package url:https://www.dropbox.com/s/h2edle1o0jj1btt/cplane_metadata.json?dl=1
10/07/2016 11:09:30 AM Package url:https://www.dropbox.com/s/h2edle1o0jj1btt/cplane_metadata.json?dl=1
10/07/2016 11:11:12 AM Writing to log file : /home/rebaca/charms/trusty/cplane-controller/hooks/cp-package-manager.log
10/07/2016 11:11:15 AM Package url:https://www.dropbox.com/s/h2edle1o0jj1btt/cplane_metadata.json?dl=1
10/07/2016 11:11:16 AM Writing to log file : /home/rebaca/charms/trusty/cplane-controller/hooks/cp-package-manager.log
10/07/2016 11:11:19 AM Package url:https://www.dropbox.com/s/h2edle1o0jj1btt/cplane_metadata.json?dl=1
10/07/2016 11:11:19 AM Writing to log file : /home/rebaca/charms/trusty/cplane-controller/hooks/cp-package-manager.log
10/07/2016 11:11:19 AM Writing to log file : /home/rebaca/charms/trusty/cplane-controller/hooks/cp-package-manager.log
10/07/2016 11:11:22 AM Package url:https://www.dropbox.com/s/h2edle1o0jj1btt/cplane_metadata.json?dl=1
10/07/2016 11:11:22 AM Writing to log file : /home/rebaca/charms/trusty/cplane-controller/hooks/cp-package-manager.log
10/07/2016 11:11:22 AM Package url:https://www.dropbox.com/s/h2edle1o0jj1btt/cplane_metadata.json?dl=1
10/07/2016 11:11:22 AM Writing to log file : /home/rebaca/charms/trusty/cplane-controller/hooks/cp-package-manager.log
10/07/2016 11:11:25 AM Package url:https://www.dropbox.com/s/h2edle1o0jj1btt/cplane_metadata.json?dl=1
10/07/2016 11:11:25 AM Writing to log file : /home/rebaca/charms/trusty/cplane-controller/hooks/cp-package-manager.log
10/07/2016 11:11:25 AM Package url:https://www.dropbox.com/s/h2edle1o0jj1btt/cplane_metadata.json?dl=1
10/07/2016 11:11:25 AM Writing to log file : /home/rebaca/charms/trusty/cplane-controller/hooks/cp-package-manager.log
10/07/2016 11:11:28 AM Package url:https://www.dropbox.com/s/h2edle1o0jj1btt/cplane_metadata.json?dl=1
10/07/2016 11:11:28 AM Package url:https://www.dropbox.com/s/h2edle1o0jj1btt/cplane_metadata.json?dl=1
10/07/2016 11:15:25 AM Writing to log file : /home/rebaca/charms/trusty/cplane-controller/hooks/cp-package-manager.log
10/07/2016 11:15:29 AM Package url:https://www.dropbox.com/s/h2edle1o0jj1btt/cplane_metadata.json?dl=1
10/07/2016 11:15:29 AM Writing to log file : /home/rebaca/charms/trusty/cplane-controller/hooks/cp-package-manager.log
10/07/2016 11:15:32 AM Package url:https://www.dropbox.com/s/h2edle1o0jj1btt/cplane_metadata.json?dl=1
10/07/2016 11:15:33 AM Writing to log file : /home/rebaca/charms/trusty/cplane-controller/hooks/cp-package-manager.log
10/07/2016 11:15:33 AM Writing to log file : /home/rebaca/charms/trusty/cplane-controller/hooks/cp-package-manager.log
10/07/2016 11:15:36 AM Package url:https://www.dropbox.com/s/h2edle1o0jj1btt/cplane_metadata.json?dl=1
10/07/2016 11:15:36 AM Writing to log file : /home/rebaca/charms/trusty/cplane-controller/hooks/cp-package-manager.log
10/07/2016 11:15:36 AM Package url:https://www.dropbox.com/s/h2edle1o0jj1btt/cplane_metadata.json?dl=1
10/07/2016 11:15:36 AM Writing to log file : /home/rebaca/charms/trusty/cplane-controller/hooks/cp-package-manager.log
10/07/2016 11:15:38 AM Package url:https://www.dropbox.com/s/h2edle1o0jj1btt/cplane_metadata.json?dl=1
10/07/2016 11:15:39 AM Writing to log file : /home/rebaca/charms/trusty/cplane-controller/hooks/cp-package-manager.log
10/07/2016 11:15:39 AM Package url:https://www.dropbox.com/s/h2edle1o0jj1btt/cplane_metadata.json?dl=1
10/07/2016 11:15:39 AM Writing to log file : /home/rebaca/charms/trusty/cplane-controller/hooks/cp-package-manager.log
10/07/2016 11:15:42 AM Package url:https://www.dropbox.com/s/h2edle1o0jj1btt/cplane_metadata.json?dl=1
10/07/2016 11:15:42 AM Package url:https://www.dropbox.com/s/h2edle1o0jj1btt/cplane_metadata.json?dl=1
10/07/2016 11:17:28 AM Writing to log file : /home/rebaca/charms/trusty/cplane-controller/hooks/cp-package-manager.log
10/07/2016 11:17:31 AM Package url:https://www.dropbox.com/s/h2edle1o0jj1btt/cplane_metadata.json?dl=1
10/07/2016 11:17:31 AM Writing to log file : /home/rebaca/charms/trusty/cplane-controller/hooks/cp-package-manager.log
10/07/2016 11:17:34 AM Package url:https://www.dropbox.com/s/h2edle1o0jj1btt/cplane_metadata.json?dl=1
10/07/2016 11:17:35 AM Writing to log file : /home/rebaca/charms/trusty/cplane-controller/hooks/cp-package-manager.log
10/07/2016 11:17:35 AM Writing to log file : /home/rebaca/charms/trusty/cplane-controller/hooks/cp-package-manager.log
10/07/2016 11:17:37 AM Package url:https://www.dropbox.com/s/h2edle1o0jj1btt/cplane_metadata.json?dl=1
10/07/2016 11:17:37 AM Package url:https://www.dropbox.com/s/h2edle1o0jj1btt/cplane_metadata.json?dl=1
10/07/2016 11:17:37 AM Writing to log file : /home/rebaca/charms/trusty/cplane-controller/hooks/cp-package-manager.log
10/07/2016 11:17:38 AM Writing to log file : /home/rebaca/charms/trusty/cplane-controller/hooks/cp-package-manager.log
10/07/2016 11:17:40 AM Package url:https://www.dropbox.com/s/h2edle1o0jj1btt/cplane_metadata.json?dl=1
10/07/2016 11:17:40 AM Package url:https://www.dropbox.com/s/h2edle1o0jj1btt/cplane_metadata.json?dl=1
10/07/2016 11:17:41 AM Writing to log file : /home/rebaca/charms/trusty/cplane-controller/hooks/cp-package-manager.log
10/07/2016 11:17:41 AM Writing to log file : /home/rebaca/charms/trusty/cplane-controller/hooks/cp-package-manager.log
10/07/2016 11:17:43 AM Package url:https://www.dropbox.com/s/h2edle1o0jj1btt/cplane_metadata.json?dl=1
10/07/2016 11:17:43 AM Package url:https://www.dropbox.com/s/h2edle1o0jj1btt/cplane_metadata.json?dl=1
10/07/2016 11:19:44 AM Writing to log file : /home/rebaca/charms/trusty/cplane-controller/hooks/cp-package-manager.log
10/07/2016 11:19:47 AM Package url:https://www.dropbox.com/s/h2edle1o0jj1btt/cplane_metadata.json?dl=1
10/07/2016 11:19:47 AM Writing to log file : /home/rebaca/charms/trusty/cplane-controller/hooks/cp-package-manager.log
10/07/2016 11:19:50 AM Package url:https://www.dropbox.com/s/h2edle1o0jj1btt/cplane_metadata.json?dl=1
10/07/2016 11:19:51 AM Writing to log file : /home/rebaca/charms/trusty/cplane-controller/hooks/cp-package-manager.log
10/07/2016 11:19:51 AM Writing to log file : /home/rebaca/charms/trusty/cplane-controller/hooks/cp-package-manager.log
10/07/2016 11:19:53 AM Package url:https://www.dropbox.com/s/h2edle1o0jj1btt/cplane_metadata.json?dl=1
10/07/2016 11:19:53 AM Writing to log file : /home/rebaca/charms/trusty/cplane-controller/hooks/cp-package-manager.log
10/07/2016 11:19:54 AM Package url:https://www.dropbox.com/s/h2edle1o0jj1btt/cplane_metadata.json?dl=1
10/07/2016 11:19:54 AM Writing to log file : /home/rebaca/charms/trusty/cplane-controller/hooks/cp-package-manager.log
10/07/2016 11:19:56 AM Package url:https://www.dropbox.com/s/h2edle1o0jj1btt/cplane_metadata.json?dl=1
10/07/2016 11:19:56 AM Writing to log file : /home/rebaca/charms/trusty/cplane-controller/hooks/cp-package-manager.log
10/07/2016 11:19:58 AM Package url:https://www.dropbox.com/s/h2edle1o0jj1btt/cplane_metadata.json?dl=1
10/07/2016 11:19:58 AM Writing to log file : /home/rebaca/charms/trusty/cplane-controller/hooks/cp-package-manager.log
10/07/2016 11:19:59 AM Package url:https://www.dropbox.com/s/h2edle1o0jj1btt/cplane_metadata.json?dl=1
10/07/2016 11:20:01 AM Package url:https://www.dropbox.com/s/h2edle1o0jj1btt/cplane_metadata.json?dl=1
10/07/2016 11:24:30 AM Writing to log file : /home/rebaca/charms/trusty/cplane-controller/hooks/cp-package-manager.log
10/07/2016 11:24:34 AM Package url:https://www.dropbox.com/s/h2edle1o0jj1btt/cplane_metadata.json?dl=1
10/07/2016 11:24:34 AM Writing to log file : /home/rebaca/charms/trusty/cplane-controller/hooks/cp-package-manager.log
10/07/2016 11:24:37 AM Package url:https://www.dropbox.com/s/h2edle1o0jj1btt/cplane_metadata.json?dl=1
10/07/2016 11:24:38 AM Writing to log file : /home/rebaca/charms/trusty/cplane-controller/hooks/cp-package-manager.log
10/07/2016 11:24:38 AM Writing to log file : /home/rebaca/charms/trusty/cplane-controller/hooks/cp-package-manager.log
10/07/2016 11:24:40 AM Package url:https://www.dropbox.com/s/h2edle1o0jj1btt/cplane_metadata.json?dl=1
10/07/2016 11:24:41 AM Writing to log file : /home/rebaca/charms/trusty/cplane-controller/hooks/cp-package-manager.log
10/07/2016 11:24:41 AM Package url:https://www.dropbox.com/s/h2edle1o0jj1btt/cplane_metadata.json?dl=1
10/07/2016 11:24:41 AM Writing to log file : /home/rebaca/charms/trusty/cplane-controller/hooks/cp-package-manager.log
10/07/2016 11:24:44 AM Package url:https://www.dropbox.com/s/h2edle1o0jj1btt/cplane_metadata.json?dl=1
10/07/2016 11:24:44 AM Writing to log file : /home/rebaca/charms/trusty/cplane-controller/hooks/cp-package-manager.log
10/07/2016 11:24:44 AM Package url:https://www.dropbox.com/s/h2edle1o0jj1btt/cplane_metadata.json?dl=1
10/07/2016 11:24:44 AM Writing to log file : /home/rebaca/charms/trusty/cplane-controller/hooks/cp-package-manager.log
10/07/2016 11:24:47 AM Package url:https://www.dropbox.com/s/h2edle1o0jj1btt/cplane_metadata.json?dl=1
10/07/2016 11:24:47 AM Package url:https://www.dropbox.com/s/h2edle1o0jj1btt/cplane_metadata.json?dl=1
10/07/2016 11:27:15 AM Writing to log file : /home/rebaca/charms/trusty/cplane-controller/hooks/cp-package-manager.log
10/07/2016 11:27:19 AM Package url:https://www.dropbox.com/s/h2edle1o0jj1btt/cplane_metadata.json?dl=1
10/07/2016 11:27:19 AM Writing to log file : /home/rebaca/charms/trusty/cplane-controller/hooks/cp-package-manager.log
10/07/2016 11:27:22 AM Package url:https://www.dropbox.com/s/h2edle1o0jj1btt/cplane_metadata.json?dl=1
10/07/2016 11:27:23 AM Writing to log file : /home/rebaca/charms/trusty/cplane-controller/hooks/cp-package-manager.log
10/07/2016 11:27:23 AM Writing to log file : /home/rebaca/charms/trusty/cplane-controller/hooks/cp-package-manager.log
10/07/2016 11:27:25 AM Package url:https://www.dropbox.com/s/h2edle1o0jj1btt/cplane_metadata.json?dl=1
10/07/2016 11:27:25 AM Writing to log file : /home/rebaca/charms/trusty/cplane-controller/hooks/cp-package-manager.log
10/07/2016 11:27:26 AM Package url:https://www.dropbox.com/s/h2edle1o0jj1btt/cplane_metadata.json?dl=1
10/07/2016 11:27:26 AM Writing to log file : /home/rebaca/charms/trusty/cplane-controller/hooks/cp-package-manager.log
10/07/2016 11:27:28 AM Package url:https://www.dropbox.com/s/h2edle1o0jj1btt/cplane_metadata.json?dl=1
10/07/2016 11:27:28 AM Writing to log file : /home/rebaca/charms/trusty/cplane-controller/hooks/cp-package-manager.log
10/07/2016 11:27:28 AM Package url:https://www.dropbox.com/s/h2edle1o0jj1btt/cplane_metadata.json?dl=1
10/07/2016 11:27:28 AM Writing to log file : /home/rebaca/charms/trusty/cplane-controller/hooks/cp-package-manager.log
10/07/2016 11:27:31 AM Package url:https://www.dropbox.com/s/h2edle1o0jj1btt/cplane_metadata.json?dl=1
10/07/2016 11:27:31 AM Package url:https://www.dropbox.com/s/h2edle1o0jj1btt/cplane_metadata.json?dl=1
10/07/2016 11:29:11 AM Writing to log file : /home/rebaca/charms/trusty/cplane-controller/hooks/cp-package-manager.log
10/07/2016 11:29:14 AM Package url:https://www.dropbox.com/s/h2edle1o0jj1btt/cplane_metadata.json?dl=1
10/07/2016 11:29:14 AM Writing to log file : /home/rebaca/charms/trusty/cplane-controller/hooks/cp-package-manager.log
10/07/2016 11:29:17 AM Package url:https://www.dropbox.com/s/h2edle1o0jj1btt/cplane_metadata.json?dl=1
10/07/2016 11:29:18 AM Writing to log file : /home/rebaca/charms/trusty/cplane-controller/hooks/cp-package-manager.log
10/07/2016 11:29:18 AM Writing to log file : /home/rebaca/charms/trusty/cplane-controller/hooks/cp-package-manager.log
10/07/2016 11:29:21 AM Package url:https://www.dropbox.com/s/h2edle1o0jj1btt/cplane_metadata.json?dl=1
10/07/2016 11:29:21 AM Writing to log file : /home/rebaca/charms/trusty/cplane-controller/hooks/cp-package-manager.log
10/07/2016 11:29:21 AM Package url:https://www.dropbox.com/s/h2edle1o0jj1btt/cplane_metadata.json?dl=1
10/07/2016 11:29:21 AM Writing to log file : /home/rebaca/charms/trusty/cplane-controller/hooks/cp-package-manager.log
10/07/2016 11:29:24 AM Package url:https://www.dropbox.com/s/h2edle1o0jj1btt/cplane_metadata.json?dl=1
10/07/2016 11:29:25 AM Writing to log file : /home/rebaca/charms/trusty/cplane-controller/hooks/cp-package-manager.log
10/07/2016 11:29:25 AM Package url:https://www.dropbox.com/s/h2edle1o0jj1btt/cplane_metadata.json?dl=1
10/07/2016 11:29:25 AM Writing to log file : /home/rebaca/charms/trusty/cplane-controller/hooks/cp-package-manager.log
10/07/2016 11:29:27 AM Package url:https://www.dropbox.com/s/h2edle1o0jj1btt/cplane_metadata.json?dl=1
10/07/2016 11:29:28 AM Package url:https://www.dropbox.com/s/h2edle1o0jj1btt/cplane_metadata.json?dl=1
10/07/2016 11:30:17 AM Writing to log file : /home/rebaca/charms/trusty/cplane-controller/hooks/cp-package-manager.log
10/07/2016 11:30:20 AM Package url:https://www.dropbox.com/s/h2edle1o0jj1btt/cplane_metadata.json?dl=1
10/07/2016 11:30:20 AM Writing to log file : /home/rebaca/charms/trusty/cplane-controller/hooks/cp-package-manager.log
10/07/2016 11:30:23 AM Package url:https://www.dropbox.com/s/h2edle1o0jj1btt/cplane_metadata.json?dl=1
10/07/2016 11:30:24 AM Writing to log file : /home/rebaca/charms/trusty/cplane-controller/hooks/cp-package-manager.log
10/07/2016 11:30:24 AM Writing to log file : /home/rebaca/charms/trusty/cplane-controller/hooks/cp-package-manager.log
10/07/2016 11:30:26 AM Package url:https://www.dropbox.com/s/h2edle1o0jj1btt/cplane_metadata.json?dl=1
10/07/2016 11:30:26 AM Writing to log file : /home/rebaca/charms/trusty/cplane-controller/hooks/cp-package-manager.log
10/07/2016 11:30:26 AM Package url:https://www.dropbox.com/s/h2edle1o0jj1btt/cplane_metadata.json?dl=1
10/07/2016 11:30:27 AM Writing to log file : /home/rebaca/charms/trusty/cplane-controller/hooks/cp-package-manager.log
10/07/2016 11:30:29 AM Package url:https://www.dropbox.com/s/h2edle1o0jj1btt/cplane_metadata.json?dl=1
10/07/2016 11:30:29 AM Writing to log file : /home/rebaca/charms/trusty/cplane-controller/hooks/cp-package-manager.log
10/07/2016 11:30:29 AM Package url:https://www.dropbox.com/s/h2edle1o0jj1btt/cplane_metadata.json?dl=1
10/07/2016 11:30:29 AM Writing to log file : /home/rebaca/charms/trusty/cplane-controller/hooks/cp-package-manager.log
10/07/2016 11:30:32 AM Package url:https://www.dropbox.com/s/h2edle1o0jj1btt/cplane_metadata.json?dl=1
10/07/2016 11:30:32 AM Package url:https://www.dropbox.com/s/h2edle1o0jj1btt/cplane_metadata.json?dl=1
10/07/2016 12:48:54 PM Writing to log file : /home/rebaca/charms/trusty/cplane-controller/hooks/cp-package-manager.log
10/07/2016 12:48:58 PM Package url:https://www.dropbox.com/s/h2edle1o0jj1btt/cplane_metadata.json?dl=1
10/07/2016 12:48:58 PM Writing to log file : /home/rebaca/charms/trusty/cplane-controller/hooks/cp-package-manager.log
10/07/2016 12:49:02 PM Package url:https://www.dropbox.com/s/h2edle1o0jj1btt/cplane_metadata.json?dl=1
10/07/2016 12:49:02 PM Writing to log file : /home/rebaca/charms/trusty/cplane-controller/hooks/cp-package-manager.log
10/07/2016 12:49:03 PM Writing to log file : /home/rebaca/charms/trusty/cplane-controller/hooks/cp-package-manager.log
10/07/2016 12:49:05 PM Package url:https://www.dropbox.com/s/h2edle1o0jj1btt/cplane_metadata.json?dl=1
10/07/2016 12:49:05 PM Writing to log file : /home/rebaca/charms/trusty/cplane-controller/hooks/cp-package-manager.log
10/07/2016 12:49:05 PM Package url:https://www.dropbox.com/s/h2edle1o0jj1btt/cplane_metadata.json?dl=1
10/07/2016 12:49:05 PM Writing to log file : /home/rebaca/charms/trusty/cplane-controller/hooks/cp-package-manager.log
10/07/2016 12:49:08 PM Package url:https://www.dropbox.com/s/h2edle1o0jj1btt/cplane_metadata.json?dl=1
10/07/2016 12:49:08 PM Writing to log file : /home/rebaca/charms/trusty/cplane-controller/hooks/cp-package-manager.log
10/07/2016 12:49:08 PM Package url:https://www.dropbox.com/s/h2edle1o0jj1btt/cplane_metadata.json?dl=1
10/07/2016 12:49:08 PM Writing to log file : /home/rebaca/charms/trusty/cplane-controller/hooks/cp-package-manager.log
10/07/2016 12:49:11 PM Package url:https://www.dropbox.com/s/h2edle1o0jj1btt/cplane_metadata.json?dl=1
10/07/2016 12:49:11 PM Package url:https://www.dropbox.com/s/h2edle1o0jj1btt/cplane_metadata.json?dl=1
10/07/2016 12:50:45 PM Writing to log file : /home/rebaca/charms/trusty/cplane-controller/hooks/cp-package-manager.log
10/07/2016 12:50:48 PM Package url:https://www.dropbox.com/s/h2edle1o0jj1btt/cplane_metadata.json?dl=1
10/07/2016 12:50:48 PM Writing to log file : /home/rebaca/charms/trusty/cplane-controller/hooks/cp-package-manager.log
10/07/2016 12:50:51 PM Package url:https://www.dropbox.com/s/h2edle1o0jj1btt/cplane_metadata.json?dl=1
10/07/2016 12:50:51 PM Writing to log file : /home/rebaca/charms/trusty/cplane-controller/hooks/cp-package-manager.log
10/07/2016 12:50:51 PM Writing to log file : /home/rebaca/charms/trusty/cplane-controller/hooks/cp-package-manager.log
10/07/2016 12:50:54 PM Package url:https://www.dropbox.com/s/h2edle1o0jj1btt/cplane_metadata.json?dl=1
10/07/2016 12:50:54 PM Writing to log file : /home/rebaca/charms/trusty/cplane-controller/hooks/cp-package-manager.log
10/07/2016 12:50:54 PM Package url:https://www.dropbox.com/s/h2edle1o0jj1btt/cplane_metadata.json?dl=1
10/07/2016 12:50:54 PM Writing to log file : /home/rebaca/charms/trusty/cplane-controller/hooks/cp-package-manager.log
10/07/2016 12:50:57 PM Package url:https://www.dropbox.com/s/h2edle1o0jj1btt/cplane_metadata.json?dl=1
10/07/2016 12:50:57 PM Package url:https://www.dropbox.com/s/h2edle1o0jj1btt/cplane_metadata.json?dl=1
10/07/2016 12:50:57 PM Writing to log file : /home/rebaca/charms/trusty/cplane-controller/hooks/cp-package-manager.log
10/07/2016 12:50:57 PM Writing to log file : /home/rebaca/charms/trusty/cplane-controller/hooks/cp-package-manager.log
10/07/2016 12:51:00 PM Package url:https://www.dropbox.com/s/h2edle1o0jj1btt/cplane_metadata.json?dl=1
10/07/2016 12:51:02 PM Package url:https://www.dropbox.com/s/h2edle1o0jj1btt/cplane_metadata.json?dl=1
10/07/2016 12:52:25 PM Writing to log file : /home/rebaca/charms/trusty/cplane-controller/hooks/cp-package-manager.log
10/07/2016 12:52:28 PM Package url:https://www.dropbox.com/s/h2edle1o0jj1btt/cplane_metadata.json?dl=1
10/07/2016 12:52:28 PM Writing to log file : /home/rebaca/charms/trusty/cplane-controller/hooks/cp-package-manager.log
10/07/2016 12:52:31 PM Package url:https://www.dropbox.com/s/h2edle1o0jj1btt/cplane_metadata.json?dl=1
10/07/2016 12:52:32 PM Writing to log file : /home/rebaca/charms/trusty/cplane-controller/hooks/cp-package-manager.log
10/07/2016 12:52:32 PM Writing to log file : /home/rebaca/charms/trusty/cplane-controller/hooks/cp-package-manager.log
10/07/2016 12:52:34 PM Package url:https://www.dropbox.com/s/h2edle1o0jj1btt/cplane_metadata.json?dl=1
10/07/2016 12:52:34 PM Writing to log file : /home/rebaca/charms/trusty/cplane-controller/hooks/cp-package-manager.log
10/07/2016 12:52:35 PM Package url:https://www.dropbox.com/s/h2edle1o0jj1btt/cplane_metadata.json?dl=1
10/07/2016 12:52:35 PM Writing to log file : /home/rebaca/charms/trusty/cplane-controller/hooks/cp-package-manager.log
10/07/2016 12:52:37 PM Package url:https://www.dropbox.com/s/h2edle1o0jj1btt/cplane_metadata.json?dl=1
10/07/2016 12:52:37 PM Writing to log file : /home/rebaca/charms/trusty/cplane-controller/hooks/cp-package-manager.log
10/07/2016 12:52:38 PM Package url:https://www.dropbox.com/s/h2edle1o0jj1btt/cplane_metadata.json?dl=1
10/07/2016 12:52:38 PM Writing to log file : /home/rebaca/charms/trusty/cplane-controller/hooks/cp-package-manager.log
10/07/2016 12:52:40 PM Package url:https://www.dropbox.com/s/h2edle1o0jj1btt/cplane_metadata.json?dl=1
10/07/2016 12:52:41 PM Package url:https://www.dropbox.com/s/h2edle1o0jj1btt/cplane_metadata.json?dl=1
10/07/2016 01:57:20 PM Writing to log file : /home/rebaca/charms/trusty/cplane-controller/hooks/cp-package-manager.log
10/07/2016 01:57:26 PM Package url:https://www.dropbox.com/s/h2edle1o0jj1btt/cplane_metadata.json?dl=1
10/07/2016 01:57:26 PM Writing to log file : /home/rebaca/charms/trusty/cplane-controller/hooks/cp-package-manager.log
10/07/2016 01:57:28 PM Package url:https://www.dropbox.com/s/h2edle1o0jj1btt/cplane_metadata.json?dl=1
10/07/2016 01:57:29 PM Writing to log file : /home/rebaca/charms/trusty/cplane-controller/hooks/cp-package-manager.log
10/07/2016 01:57:29 PM Writing to log file : /home/rebaca/charms/trusty/cplane-controller/hooks/cp-package-manager.log
10/07/2016 01:57:32 PM Package url:https://www.dropbox.com/s/h2edle1o0jj1btt/cplane_metadata.json?dl=1
10/07/2016 01:57:32 PM Writing to log file : /home/rebaca/charms/trusty/cplane-controller/hooks/cp-package-manager.log
10/07/2016 01:57:32 PM Package url:https://www.dropbox.com/s/h2edle1o0jj1btt/cplane_metadata.json?dl=1
10/07/2016 01:57:32 PM Writing to log file : /home/rebaca/charms/trusty/cplane-controller/hooks/cp-package-manager.log
10/07/2016 01:57:35 PM Package url:https://www.dropbox.com/s/h2edle1o0jj1btt/cplane_metadata.json?dl=1
10/07/2016 01:57:35 PM Package url:https://www.dropbox.com/s/h2edle1o0jj1btt/cplane_metadata.json?dl=1
10/07/2016 01:57:35 PM Writing to log file : /home/rebaca/charms/trusty/cplane-controller/hooks/cp-package-manager.log
10/07/2016 01:57:35 PM Writing to log file : /home/rebaca/charms/trusty/cplane-controller/hooks/cp-package-manager.log
10/07/2016 01:57:38 PM Package url:https://www.dropbox.com/s/h2edle1o0jj1btt/cplane_metadata.json?dl=1
10/07/2016 01:57:38 PM Package url:https://www.dropbox.com/s/h2edle1o0jj1btt/cplane_metadata.json?dl=1
10/07/2016 01:57:41 PM Writing to log file : /home/rebaca/charms/trusty/cplane-controller/hooks/cp-package-manager.log
10/13/2016 03:18:26 PM Writing to log file : /home/rebaca/charms/trusty/cplane-controller/hooks/cp-package-manager.log
10/13/2016 03:18:31 PM Package url:https://www.dropbox.com/s/h2edle1o0jj1btt/cplane_metadata.json?dl=1
10/13/2016 03:18:31 PM Writing to log file : /home/rebaca/charms/trusty/cplane-controller/hooks/cp-package-manager.log
10/13/2016 03:18:35 PM Package url:https://www.dropbox.com/s/h2edle1o0jj1btt/cplane_metadata.json?dl=1
10/13/2016 03:18:36 PM Writing to log file : /home/rebaca/charms/trusty/cplane-controller/hooks/cp-package-manager.log
10/13/2016 03:18:36 PM Writing to log file : /home/rebaca/charms/trusty/cplane-controller/hooks/cp-package-manager.log
10/13/2016 03:18:40 PM Package url:https://www.dropbox.com/s/h2edle1o0jj1btt/cplane_metadata.json?dl=1
10/13/2016 03:18:40 PM Writing to log file : /home/rebaca/charms/trusty/cplane-controller/hooks/cp-package-manager.log
10/13/2016 03:18:40 PM Package url:https://www.dropbox.com/s/h2edle1o0jj1btt/cplane_metadata.json?dl=1
10/13/2016 03:18:40 PM Writing to log file : /home/rebaca/charms/trusty/cplane-controller/hooks/cp-package-manager.log
10/13/2016 03:18:43 PM Package url:https://www.dropbox.com/s/h2edle1o0jj1btt/cplane_metadata.json?dl=1
10/13/2016 03:18:43 PM Package url:https://www.dropbox.com/s/h2edle1o0jj1btt/cplane_metadata.json?dl=1
10/13/2016 03:18:44 PM Writing to log file : /home/rebaca/charms/trusty/cplane-controller/hooks/cp-package-manager.log
10/13/2016 03:18:44 PM Writing to log file : /home/rebaca/charms/trusty/cplane-controller/hooks/cp-package-manager.log
10/13/2016 03:18:47 PM Package url:https://www.dropbox.com/s/h2edle1o0jj1btt/cplane_metadata.json?dl=1
10/13/2016 03:18:48 PM Package url:https://www.dropbox.com/s/h2edle1o0jj1btt/cplane_metadata.json?dl=1
10/13/2016 03:27:22 PM Writing to log file : /home/rebaca/charms/trusty/cplane-controller/hooks/cp-package-manager.log
10/13/2016 03:27:27 PM Package url:https://www.dropbox.com/s/h2edle1o0jj1btt/cplane_metadata.json?dl=1
10/13/2016 03:27:27 PM Writing to log file : /home/rebaca/charms/trusty/cplane-controller/hooks/cp-package-manager.log
10/13/2016 03:27:30 PM Package url:https://www.dropbox.com/s/h2edle1o0jj1btt/cplane_metadata.json?dl=1
10/13/2016 03:27:31 PM Writing to log file : /home/rebaca/charms/trusty/cplane-controller/hooks/cp-package-manager.log
10/13/2016 03:27:31 PM Writing to log file : /home/rebaca/charms/trusty/cplane-controller/hooks/cp-package-manager.log
10/13/2016 03:27:35 PM Package url:https://www.dropbox.com/s/h2edle1o0jj1btt/cplane_metadata.json?dl=1
10/13/2016 03:27:35 PM Writing to log file : /home/rebaca/charms/trusty/cplane-controller/hooks/cp-package-manager.log
10/13/2016 03:27:35 PM Package url:https://www.dropbox.com/s/h2edle1o0jj1btt/cplane_metadata.json?dl=1
10/13/2016 03:27:35 PM Writing to log file : /home/rebaca/charms/trusty/cplane-controller/hooks/cp-package-manager.log
10/13/2016 03:27:38 PM Package url:https://www.dropbox.com/s/h2edle1o0jj1btt/cplane_metadata.json?dl=1
10/13/2016 03:27:39 PM Writing to log file : /home/rebaca/charms/trusty/cplane-controller/hooks/cp-package-manager.log
10/13/2016 03:27:39 PM Package url:https://www.dropbox.com/s/h2edle1o0jj1btt/cplane_metadata.json?dl=1
10/13/2016 03:27:39 PM Writing to log file : /home/rebaca/charms/trusty/cplane-controller/hooks/cp-package-manager.log
10/13/2016 03:27:42 PM Package url:https://www.dropbox.com/s/h2edle1o0jj1btt/cplane_metadata.json?dl=1
10/13/2016 03:27:43 PM Package url:https://www.dropbox.com/s/h2edle1o0jj1btt/cplane_metadata.json?dl=1
10/13/2016 03:35:55 PM Writing to log file : /home/rebaca/charms/trusty/cplane-controller/hooks/cp-package-manager.log
10/13/2016 03:36:00 PM Package url:https://www.dropbox.com/s/h2edle1o0jj1btt/cplane_metadata.json?dl=1
10/13/2016 03:36:00 PM Writing to log file : /home/rebaca/charms/trusty/cplane-controller/hooks/cp-package-manager.log
10/13/2016 03:36:05 PM Package url:https://www.dropbox.com/s/h2edle1o0jj1btt/cplane_metadata.json?dl=1
10/13/2016 03:36:10 PM Writing to log file : /home/rebaca/charms/trusty/cplane-controller/hooks/cp-package-manager.log
10/13/2016 03:36:10 PM Writing to log file : /home/rebaca/charms/trusty/cplane-controller/hooks/cp-package-manager.log
10/13/2016 03:36:13 PM Package url:https://www.dropbox.com/s/h2edle1o0jj1btt/cplane_metadata.json?dl=1
10/13/2016 03:36:13 PM Writing to log file : /home/rebaca/charms/trusty/cplane-controller/hooks/cp-package-manager.log
10/13/2016 03:36:14 PM Package url:https://www.dropbox.com/s/h2edle1o0jj1btt/cplane_metadata.json?dl=1
10/13/2016 03:36:14 PM Writing to log file : /home/rebaca/charms/trusty/cplane-controller/hooks/cp-package-manager.log
10/13/2016 03:36:17 PM Package url:https://www.dropbox.com/s/h2edle1o0jj1btt/cplane_metadata.json?dl=1
10/13/2016 03:36:17 PM Package url:https://www.dropbox.com/s/h2edle1o0jj1btt/cplane_metadata.json?dl=1
10/13/2016 03:36:17 PM Writing to log file : /home/rebaca/charms/trusty/cplane-controller/hooks/cp-package-manager.log
10/13/2016 03:36:18 PM Writing to log file : /home/rebaca/charms/trusty/cplane-controller/hooks/cp-package-manager.log
10/13/2016 03:36:20 PM Package url:https://www.dropbox.com/s/h2edle1o0jj1btt/cplane_metadata.json?dl=1
10/13/2016 03:36:21 PM Package url:https://www.dropbox.com/s/h2edle1o0jj1btt/cplane_metadata.json?dl=1
10/13/2016 03:37:51 PM Writing to log file : /home/rebaca/charms/trusty/cplane-controller/hooks/cp-package-manager.log
10/13/2016 03:37:55 PM Package url:https://www.dropbox.com/s/h2edle1o0jj1btt/cplane_metadata.json?dl=1
10/13/2016 03:37:55 PM Writing to log file : /home/rebaca/charms/trusty/cplane-controller/hooks/cp-package-manager.log
10/13/2016 03:37:59 PM Package url:https://www.dropbox.com/s/h2edle1o0jj1btt/cplane_metadata.json?dl=1
10/13/2016 03:38:01 PM Writing to log file : /home/rebaca/charms/trusty/cplane-controller/hooks/cp-package-manager.log
10/13/2016 03:38:01 PM Writing to log file : /home/rebaca/charms/trusty/cplane-controller/hooks/cp-package-manager.log
10/13/2016 03:38:05 PM Package url:https://www.dropbox.com/s/h2edle1o0jj1btt/cplane_metadata.json?dl=1
10/13/2016 03:38:05 PM Writing to log file : /home/rebaca/charms/trusty/cplane-controller/hooks/cp-package-manager.log
10/13/2016 03:38:06 PM Package url:https://www.dropbox.com/s/h2edle1o0jj1btt/cplane_metadata.json?dl=1
10/13/2016 03:38:06 PM Writing to log file : /home/rebaca/charms/trusty/cplane-controller/hooks/cp-package-manager.log
10/13/2016 03:38:08 PM Package url:https://www.dropbox.com/s/h2edle1o0jj1btt/cplane_metadata.json?dl=1
10/13/2016 03:38:09 PM Writing to log file : /home/rebaca/charms/trusty/cplane-controller/hooks/cp-package-manager.log
10/13/2016 03:38:09 PM Package url:https://www.dropbox.com/s/h2edle1o0jj1btt/cplane_metadata.json?dl=1
10/13/2016 03:38:10 PM Writing to log file : /home/rebaca/charms/trusty/cplane-controller/hooks/cp-package-manager.log
10/13/2016 03:38:13 PM Package url:https://www.dropbox.com/s/h2edle1o0jj1btt/cplane_metadata.json?dl=1
10/13/2016 03:38:13 PM Package url:https://www.dropbox.com/s/h2edle1o0jj1btt/cplane_metadata.json?dl=1
10/13/2016 03:44:33 PM Writing to log file : /home/rebaca/charms/trusty/cplane-controller/hooks/cp-package-manager.log
10/13/2016 03:44:37 PM Package url:https://www.dropbox.com/s/h2edle1o0jj1btt/cplane_metadata.json?dl=1
10/13/2016 03:44:37 PM Writing to log file : /home/rebaca/charms/trusty/cplane-controller/hooks/cp-package-manager.log
10/13/2016 03:44:40 PM Package url:https://www.dropbox.com/s/h2edle1o0jj1btt/cplane_metadata.json?dl=1
10/13/2016 03:44:41 PM Writing to log file : /home/rebaca/charms/trusty/cplane-controller/hooks/cp-package-manager.log
10/13/2016 03:44:41 PM Writing to log file : /home/rebaca/charms/trusty/cplane-controller/hooks/cp-package-manager.log
10/13/2016 03:44:45 PM Package url:https://www.dropbox.com/s/h2edle1o0jj1btt/cplane_metadata.json?dl=1
10/13/2016 03:44:45 PM Writing to log file : /home/rebaca/charms/trusty/cplane-controller/hooks/cp-package-manager.log
10/13/2016 03:44:45 PM Package url:https://www.dropbox.com/s/h2edle1o0jj1btt/cplane_metadata.json?dl=1
10/13/2016 03:44:45 PM Writing to log file : /home/rebaca/charms/trusty/cplane-controller/hooks/cp-package-manager.log
10/13/2016 03:44:49 PM Package url:https://www.dropbox.com/s/h2edle1o0jj1btt/cplane_metadata.json?dl=1
10/13/2016 03:44:49 PM Writing to log file : /home/rebaca/charms/trusty/cplane-controller/hooks/cp-package-manager.log
10/13/2016 03:44:49 PM Package url:https://www.dropbox.com/s/h2edle1o0jj1btt/cplane_metadata.json?dl=1
10/13/2016 03:44:50 PM Writing to log file : /home/rebaca/charms/trusty/cplane-controller/hooks/cp-package-manager.log
10/13/2016 03:44:53 PM Package url:https://www.dropbox.com/s/h2edle1o0jj1btt/cplane_metadata.json?dl=1
10/13/2016 03:44:53 PM Package url:https://www.dropbox.com/s/h2edle1o0jj1btt/cplane_metadata.json?dl=1
10/13/2016 04:25:25 PM Writing to log file : /home/rebaca/charms/trusty/cplane-controller/hooks/cp-package-manager.log
10/13/2016 04:25:31 PM Package url:https://www.dropbox.com/s/h2edle1o0jj1btt/cplane_metadata.json?dl=1
10/13/2016 04:25:31 PM Writing to log file : /home/rebaca/charms/trusty/cplane-controller/hooks/cp-package-manager.log
10/13/2016 04:25:34 PM Package url:https://www.dropbox.com/s/h2edle1o0jj1btt/cplane_metadata.json?dl=1
10/13/2016 04:25:35 PM Writing to log file : /home/rebaca/charms/trusty/cplane-controller/hooks/cp-package-manager.log
10/13/2016 04:25:35 PM Writing to log file : /home/rebaca/charms/trusty/cplane-controller/hooks/cp-package-manager.log
10/13/2016 04:25:38 PM Package url:https://www.dropbox.com/s/h2edle1o0jj1btt/cplane_metadata.json?dl=1
10/13/2016 04:25:38 PM Writing to log file : /home/rebaca/charms/trusty/cplane-controller/hooks/cp-package-manager.log
10/13/2016 04:25:38 PM Package url:https://www.dropbox.com/s/h2edle1o0jj1btt/cplane_metadata.json?dl=1
10/13/2016 04:25:39 PM Writing to log file : /home/rebaca/charms/trusty/cplane-controller/hooks/cp-package-manager.log
10/13/2016 04:25:42 PM Package url:https://www.dropbox.com/s/h2edle1o0jj1btt/cplane_metadata.json?dl=1
10/13/2016 04:25:42 PM Writing to log file : /home/rebaca/charms/trusty/cplane-controller/hooks/cp-package-manager.log
10/13/2016 04:25:43 PM Package url:https://www.dropbox.com/s/h2edle1o0jj1btt/cplane_metadata.json?dl=1
10/13/2016 04:25:43 PM Writing to log file : /home/rebaca/charms/trusty/cplane-controller/hooks/cp-package-manager.log
10/13/2016 04:25:46 PM Package url:https://www.dropbox.com/s/h2edle1o0jj1btt/cplane_metadata.json?dl=1
10/13/2016 04:25:47 PM Package url:https://www.dropbox.com/s/h2edle1o0jj1btt/cplane_metadata.json?dl=1
10/13/2016 05:12:09 PM Writing to log file : /home/rebaca/venkat_test/dvnd-juju/cplane-controller/hooks/cp-package-manager.log
10/13/2016 05:12:14 PM Package url:https://www.dropbox.com/s/h2edle1o0jj1btt/cplane_metadata.json?dl=1
10/13/2016 05:12:14 PM Writing to log file : /home/rebaca/venkat_test/dvnd-juju/cplane-controller/hooks/cp-package-manager.log
10/13/2016 05:12:17 PM Package url:https://www.dropbox.com/s/h2edle1o0jj1btt/cplane_metadata.json?dl=1
10/13/2016 05:12:18 PM Writing to log file : /home/rebaca/venkat_test/dvnd-juju/cplane-controller/hooks/cp-package-manager.log
10/13/2016 05:12:18 PM Writing to log file : /home/rebaca/venkat_test/dvnd-juju/cplane-controller/hooks/cp-package-manager.log
10/13/2016 05:12:22 PM Package url:https://www.dropbox.com/s/h2edle1o0jj1btt/cplane_metadata.json?dl=1
10/13/2016 05:12:22 PM Writing to log file : /home/rebaca/venkat_test/dvnd-juju/cplane-controller/hooks/cp-package-manager.log
10/13/2016 05:12:22 PM Package url:https://www.dropbox.com/s/h2edle1o0jj1btt/cplane_metadata.json?dl=1
10/13/2016 05:12:22 PM Writing to log file : /home/rebaca/venkat_test/dvnd-juju/cplane-controller/hooks/cp-package-manager.log
10/13/2016 05:12:25 PM Package url:https://www.dropbox.com/s/h2edle1o0jj1btt/cplane_metadata.json?dl=1
10/13/2016 05:12:25 PM Package url:https://www.dropbox.com/s/h2edle1o0jj1btt/cplane_metadata.json?dl=1
10/13/2016 05:12:26 PM Writing to log file : /home/rebaca/venkat_test/dvnd-juju/cplane-controller/hooks/cp-package-manager.log
10/13/2016 05:12:30 PM Package url:https://www.dropbox.com/s/h2edle1o0jj1btt/cplane_metadata.json?dl=1
10/13/2016 05:12:31 PM Writing to log file : /home/rebaca/venkat_test/dvnd-juju/cplane-controller/hooks/cp-package-manager.log
10/13/2016 05:12:34 PM Package url:https://www.dropbox.com/s/h2edle1o0jj1btt/cplane_metadata.json?dl=1
10/13/2016 06:06:10 PM Writing to log file : /home/rebaca/venkat_test/dvnd-juju/cplane-controller/hooks/cp-package-manager.log
10/13/2016 06:06:17 PM Package url:https://www.dropbox.com/s/h2edle1o0jj1btt/cplane_metadata.json?dl=1
10/13/2016 06:06:17 PM Writing to log file : /home/rebaca/venkat_test/dvnd-juju/cplane-controller/hooks/cp-package-manager.log
10/13/2016 06:06:20 PM Package url:https://www.dropbox.com/s/h2edle1o0jj1btt/cplane_metadata.json?dl=1
10/13/2016 06:06:21 PM Writing to log file : /home/rebaca/venkat_test/dvnd-juju/cplane-controller/hooks/cp-package-manager.log
10/13/2016 06:06:21 PM Writing to log file : /home/rebaca/venkat_test/dvnd-juju/cplane-controller/hooks/cp-package-manager.log
10/13/2016 06:06:24 PM Package url:https://www.dropbox.com/s/h2edle1o0jj1btt/cplane_metadata.json?dl=1
10/13/2016 06:06:24 PM Writing to log file : /home/rebaca/venkat_test/dvnd-juju/cplane-controller/hooks/cp-package-manager.log
10/13/2016 06:06:24 PM Package url:https://www.dropbox.com/s/h2edle1o0jj1btt/cplane_metadata.json?dl=1
10/13/2016 06:06:24 PM Writing to log file : /home/rebaca/venkat_test/dvnd-juju/cplane-controller/hooks/cp-package-manager.log
10/13/2016 06:06:27 PM Package url:https://www.dropbox.com/s/h2edle1o0jj1btt/cplane_metadata.json?dl=1
10/13/2016 06:06:27 PM Package url:https://www.dropbox.com/s/h2edle1o0jj1btt/cplane_metadata.json?dl=1
10/13/2016 06:06:28 PM Writing to log file : /home/rebaca/venkat_test/dvnd-juju/cplane-controller/hooks/cp-package-manager.log
10/13/2016 06:06:28 PM Writing to log file : /home/rebaca/venkat_test/dvnd-juju/cplane-controller/hooks/cp-package-manager.log
10/13/2016 06:06:31 PM Package url:https://www.dropbox.com/s/h2edle1o0jj1btt/cplane_metadata.json?dl=1
10/13/2016 06:06:32 PM Package url:https://www.dropbox.com/s/h2edle1o0jj1btt/cplane_metadata.json?dl=1
